build/app/intermediates/manifest_merge_blame_file/release/manifest-merger-blame-release-report.txt
1<?xml version="1.0" encoding="utf-8"?>
2<manifest xmlns:android="http://schemas.android.com/apk/res/android"
3    package="com.example.incode"
4    android:versionCode="1"
5    android:versionName="1.0.0" >
6
7    <uses-sdk
8        android:minSdkVersion="21"
9        android:targetSdkVersion="34" />
10    <!--
11         Required to query activities that can process text, see:
12         https://developer.android.com/training/package-visibility and
13         https://developer.android.com/reference/android/content/Intent#ACTION_PROCESS_TEXT.
14
15         In particular, this is used by the Flutter engine in io.flutter.plugin.text.ProcessTextPlugin.
16    -->
17    <queries>
17-->src/main/AndroidManifest.xml:39:5-44:15
18        <intent>
18-->src/main/AndroidManifest.xml:40:9-43:18
19            <action android:name="android.intent.action.PROCESS_TEXT" />
19-->src/main/AndroidManifest.xml:41:13-72
19-->src/main/AndroidManifest.xml:41:21-70
20
21            <data android:mimeType="text/plain" />
21-->src/main/AndroidManifest.xml:42:13-50
21-->src/main/AndroidManifest.xml:42:19-48
22        </intent>
23        <intent>
23-->[:file_picker] AndroidManifest.xml:12:9-16:18
24            <action android:name="android.intent.action.GET_CONTENT" />
24-->[:file_picker] AndroidManifest.xml:13:13-72
24-->[:file_picker] AndroidManifest.xml:13:21-69
25
26            <data android:mimeType="*/*" />
26-->src/main/AndroidManifest.xml:42:13-50
26-->src/main/AndroidManifest.xml:42:19-48
27        </intent>
28    </queries>
29
30    <uses-permission android:name="android.permission.ACCESS_NETWORK_STATE" />
30-->[:connectivity_plus] AndroidManifest.xml:7:5-79
30-->[:connectivity_plus] AndroidManifest.xml:7:22-76
31    <uses-permission
31-->[:file_picker] AndroidManifest.xml:7:5-9:38
32        android:name="android.permission.READ_EXTERNAL_STORAGE"
32-->[:file_picker] AndroidManifest.xml:8:9-64
33        android:maxSdkVersion="32" />
33-->[:file_picker] AndroidManifest.xml:9:9-35
34    <uses-permission android:name="android.permission.CAMERA" />
34-->[:mobile_scanner] AndroidManifest.xml:7:5-65
34-->[:mobile_scanner] AndroidManifest.xml:7:22-62
35
36    <uses-feature
36-->[:mobile_scanner] AndroidManifest.xml:9:5-11:36
37        android:name="android.hardware.camera"
37-->[:mobile_scanner] AndroidManifest.xml:10:9-47
38        android:required="false" />
38-->[:mobile_scanner] AndroidManifest.xml:11:9-33
39
40    <permission
40-->[androidx.core:core:1.13.1] AndroidManifest.xml:22:5-24:47
41        android:name="com.example.incode.DYNAMIC_RECEIVER_NOT_EXPORTED_PERMISSION"
41-->[androidx.core:core:1.13.1] AndroidManifest.xml:23:9-81
42        android:protectionLevel="signature" />
42-->[androidx.core:core:1.13.1] AndroidManifest.xml:24:9-44
43
44    <uses-permission android:name="com.example.incode.DYNAMIC_RECEIVER_NOT_EXPORTED_PERMISSION" />
44-->[androidx.core:core:1.13.1] AndroidManifest.xml:26:5-97
44-->[androidx.core:core:1.13.1] AndroidManifest.xml:26:22-94
45    <uses-permission android:name="android.permission.INTERNET" />
45-->[com.google.android.datatransport:transport-backend-cct:2.3.3] AndroidManifest.xml:26:5-67
45-->[com.google.android.datatransport:transport-backend-cct:2.3.3] AndroidManifest.xml:26:22-64
46
47    <application
48        android:name="android.app.Application"
48-->src/main/AndroidManifest.xml:4:9-42
49        android:appComponentFactory="androidx.core.app.CoreComponentFactory"
49-->[androidx.core:core:1.13.1] AndroidManifest.xml:28:18-86
50        android:extractNativeLibs="true"
51        android:icon="@mipmap/ic_launcher"
51-->src/main/AndroidManifest.xml:5:9-43
52        android:label="IN-Code" >
52-->src/main/AndroidManifest.xml:3:9-32
53        <activity
53-->src/main/AndroidManifest.xml:6:9-27:20
54            android:name="com.example.incode.MainActivity"
54-->src/main/AndroidManifest.xml:7:13-41
55            android:configChanges="orientation|keyboardHidden|keyboard|screenSize|smallestScreenSize|locale|layoutDirection|fontScale|screenLayout|density|uiMode"
55-->src/main/AndroidManifest.xml:12:13-163
56            android:exported="true"
56-->src/main/AndroidManifest.xml:8:13-36
57            android:hardwareAccelerated="true"
57-->src/main/AndroidManifest.xml:13:13-47
58            android:launchMode="singleTop"
58-->src/main/AndroidManifest.xml:9:13-43
59            android:taskAffinity=""
59-->src/main/AndroidManifest.xml:10:13-36
60            android:theme="@style/LaunchTheme"
60-->src/main/AndroidManifest.xml:11:13-47
61            android:windowSoftInputMode="adjustResize" >
61-->src/main/AndroidManifest.xml:14:13-55
62
63            <!--
64                 Specifies an Android theme to apply to this Activity as soon as
65                 the Android process has started. This theme is visible to the user
66                 while the Flutter UI initializes. After that, this theme continues
67                 to determine the Window background behind the Flutter UI.
68            -->
69            <meta-data
69-->src/main/AndroidManifest.xml:19:13-22:17
70                android:name="io.flutter.embedding.android.NormalTheme"
70-->src/main/AndroidManifest.xml:20:15-70
71                android:resource="@style/NormalTheme" />
71-->src/main/AndroidManifest.xml:21:15-52
72
73            <intent-filter>
73-->src/main/AndroidManifest.xml:23:13-26:29
74                <action android:name="android.intent.action.MAIN" />
74-->src/main/AndroidManifest.xml:24:17-68
74-->src/main/AndroidManifest.xml:24:25-66
75
76                <category android:name="android.intent.category.LAUNCHER" />
76-->src/main/AndroidManifest.xml:25:17-76
76-->src/main/AndroidManifest.xml:25:27-74
77            </intent-filter>
78        </activity>
79        <!--
80             Don't delete the meta-data below.
81             This is used by the Flutter tool to generate GeneratedPluginRegistrant.java
82        -->
83        <meta-data
83-->src/main/AndroidManifest.xml:30:9-32:33
84            android:name="flutterEmbedding"
84-->src/main/AndroidManifest.xml:31:13-44
85            android:value="2" />
85-->src/main/AndroidManifest.xml:32:13-30
86
87        <provider
87-->[:image_picker_android] AndroidManifest.xml:9:9-17:20
88            android:name="io.flutter.plugins.imagepicker.ImagePickerFileProvider"
88-->[:image_picker_android] AndroidManifest.xml:10:13-82
89            android:authorities="com.example.incode.flutter.image_provider"
89-->[:image_picker_android] AndroidManifest.xml:11:13-74
90            android:exported="false"
90-->[:image_picker_android] AndroidManifest.xml:12:13-37
91            android:grantUriPermissions="true" >
91-->[:image_picker_android] AndroidManifest.xml:13:13-47
92            <meta-data
92-->[:image_picker_android] AndroidManifest.xml:14:13-16:75
93                android:name="android.support.FILE_PROVIDER_PATHS"
93-->[:image_picker_android] AndroidManifest.xml:15:17-67
94                android:resource="@xml/flutter_image_picker_file_paths" />
94-->[:image_picker_android] AndroidManifest.xml:16:17-72
95        </provider> <!-- Trigger Google Play services to install the backported photo picker module. -->
96        <service
96-->[:image_picker_android] AndroidManifest.xml:19:9-31:19
97            android:name="com.google.android.gms.metadata.ModuleDependencies"
97-->[:image_picker_android] AndroidManifest.xml:20:13-78
98            android:enabled="false"
98-->[:image_picker_android] AndroidManifest.xml:21:13-36
99            android:exported="false" >
99-->[:image_picker_android] AndroidManifest.xml:22:13-37
100            <intent-filter>
100-->[:image_picker_android] AndroidManifest.xml:24:13-26:29
101                <action android:name="com.google.android.gms.metadata.MODULE_DEPENDENCIES" />
101-->[:image_picker_android] AndroidManifest.xml:25:17-94
101-->[:image_picker_android] AndroidManifest.xml:25:25-91
102            </intent-filter>
103
104            <meta-data
104-->[:image_picker_android] AndroidManifest.xml:28:13-30:36
105                android:name="photopicker_activity:0:required"
105-->[:image_picker_android] AndroidManifest.xml:29:17-63
106                android:value="" />
106-->[:image_picker_android] AndroidManifest.xml:30:17-33
107        </service>
108        <!--
109        Service for holding metadata. Cannot be instantiated.
110        Metadata will be merged from other manifests.
111        -->
112        <service
112-->[androidx.camera:camera-core:1.3.1] AndroidManifest.xml:29:9-33:78
113            android:name="androidx.camera.core.impl.MetadataHolderService"
113-->[androidx.camera:camera-core:1.3.1] AndroidManifest.xml:30:13-75
114            android:enabled="false"
114-->[androidx.camera:camera-core:1.3.1] AndroidManifest.xml:31:13-36
115            android:exported="false" >
115-->[androidx.camera:camera-core:1.3.1] AndroidManifest.xml:32:13-37
116            <meta-data
116-->[androidx.camera:camera-camera2:1.3.1] AndroidManifest.xml:30:13-32:89
117                android:name="androidx.camera.core.impl.MetadataHolderService.DEFAULT_CONFIG_PROVIDER"
117-->[androidx.camera:camera-camera2:1.3.1] AndroidManifest.xml:31:17-103
118                android:value="androidx.camera.camera2.Camera2Config$DefaultProvider" />
118-->[androidx.camera:camera-camera2:1.3.1] AndroidManifest.xml:32:17-86
119        </service>
120        <service
120-->[com.google.android.gms:play-services-mlkit-barcode-scanning:18.3.0] AndroidManifest.xml:9:9-15:19
121            android:name="com.google.mlkit.common.internal.MlKitComponentDiscoveryService"
121-->[com.google.android.gms:play-services-mlkit-barcode-scanning:18.3.0] AndroidManifest.xml:10:13-91
122            android:directBootAware="true"
122-->[com.google.mlkit:common:18.9.0] AndroidManifest.xml:17:13-43
123            android:exported="false" >
123-->[com.google.android.gms:play-services-mlkit-barcode-scanning:18.3.0] AndroidManifest.xml:11:13-37
124            <meta-data
124-->[com.google.android.gms:play-services-mlkit-barcode-scanning:18.3.0] AndroidManifest.xml:12:13-14:85
125                android:name="com.google.firebase.components:com.google.mlkit.vision.barcode.internal.BarcodeRegistrar"
125-->[com.google.android.gms:play-services-mlkit-barcode-scanning:18.3.0] AndroidManifest.xml:13:17-120
126                android:value="com.google.firebase.components.ComponentRegistrar" />
126-->[com.google.android.gms:play-services-mlkit-barcode-scanning:18.3.0] AndroidManifest.xml:14:17-82
127            <meta-data
127-->[com.google.mlkit:vision-common:17.3.0] AndroidManifest.xml:12:13-14:85
128                android:name="com.google.firebase.components:com.google.mlkit.vision.common.internal.VisionCommonRegistrar"
128-->[com.google.mlkit:vision-common:17.3.0] AndroidManifest.xml:13:17-124
129                android:value="com.google.firebase.components.ComponentRegistrar" />
129-->[com.google.mlkit:vision-common:17.3.0] AndroidManifest.xml:14:17-82
130            <meta-data
130-->[com.google.mlkit:common:18.9.0] AndroidManifest.xml:20:13-22:85
131                android:name="com.google.firebase.components:com.google.mlkit.common.internal.CommonComponentRegistrar"
131-->[com.google.mlkit:common:18.9.0] AndroidManifest.xml:21:17-120
132                android:value="com.google.firebase.components.ComponentRegistrar" />
132-->[com.google.mlkit:common:18.9.0] AndroidManifest.xml:22:17-82
133        </service>
134
135        <provider
135-->[com.google.mlkit:common:18.9.0] AndroidManifest.xml:9:9-13:38
136            android:name="com.google.mlkit.common.internal.MlKitInitProvider"
136-->[com.google.mlkit:common:18.9.0] AndroidManifest.xml:10:13-78
137            android:authorities="com.example.incode.mlkitinitprovider"
137-->[com.google.mlkit:common:18.9.0] AndroidManifest.xml:11:13-69
138            android:exported="false"
138-->[com.google.mlkit:common:18.9.0] AndroidManifest.xml:12:13-37
139            android:initOrder="99" />
139-->[com.google.mlkit:common:18.9.0] AndroidManifest.xml:13:13-35
140
141        <activity
141-->[com.google.android.gms:play-services-base:18.1.0] AndroidManifest.xml:20:9-22:45
142            android:name="com.google.android.gms.common.api.GoogleApiActivity"
142-->[com.google.android.gms:play-services-base:18.1.0] AndroidManifest.xml:20:19-85
143            android:exported="false"
143-->[com.google.android.gms:play-services-base:18.1.0] AndroidManifest.xml:22:19-43
144            android:theme="@android:style/Theme.Translucent.NoTitleBar" />
144-->[com.google.android.gms:play-services-base:18.1.0] AndroidManifest.xml:21:19-78
145
146        <meta-data
146-->[com.google.android.gms:play-services-basement:18.1.0] AndroidManifest.xml:21:9-23:69
147            android:name="com.google.android.gms.version"
147-->[com.google.android.gms:play-services-basement:18.1.0] AndroidManifest.xml:22:13-58
148            android:value="@integer/google_play_services_version" />
148-->[com.google.android.gms:play-services-basement:18.1.0] AndroidManifest.xml:23:13-66
149
150        <uses-library
150-->[androidx.window:window:1.2.0] AndroidManifest.xml:23:9-25:40
151            android:name="androidx.window.extensions"
151-->[androidx.window:window:1.2.0] AndroidManifest.xml:24:13-54
152            android:required="false" />
152-->[androidx.window:window:1.2.0] AndroidManifest.xml:25:13-37
153        <uses-library
153-->[androidx.window:window:1.2.0] AndroidManifest.xml:26:9-28:40
154            android:name="androidx.window.sidecar"
154-->[androidx.window:window:1.2.0] AndroidManifest.xml:27:13-51
155            android:required="false" />
155-->[androidx.window:window:1.2.0] AndroidManifest.xml:28:13-37
156
157        <provider
157-->[androidx.lifecycle:lifecycle-process:2.7.0] AndroidManifest.xml:24:9-32:20
158            android:name="androidx.startup.InitializationProvider"
158-->[androidx.lifecycle:lifecycle-process:2.7.0] AndroidManifest.xml:25:13-67
159            android:authorities="com.example.incode.androidx-startup"
159-->[androidx.lifecycle:lifecycle-process:2.7.0] AndroidManifest.xml:26:13-68
160            android:exported="false" >
160-->[androidx.lifecycle:lifecycle-process:2.7.0] AndroidManifest.xml:27:13-37
161            <meta-data
161-->[androidx.lifecycle:lifecycle-process:2.7.0] AndroidManifest.xml:29:13-31:52
162                android:name="androidx.lifecycle.ProcessLifecycleInitializer"
162-->[androidx.lifecycle:lifecycle-process:2.7.0] AndroidManifest.xml:30:17-78
163                android:value="androidx.startup" />
163-->[androidx.lifecycle:lifecycle-process:2.7.0] AndroidManifest.xml:31:17-49
164            <meta-data
164-->[androidx.profileinstaller:profileinstaller:1.3.1] AndroidManifest.xml:29:13-31:52
165                android:name="androidx.profileinstaller.ProfileInstallerInitializer"
165-->[androidx.profileinstaller:profileinstaller:1.3.1] AndroidManifest.xml:30:17-85
166                android:value="androidx.startup" />
166-->[androidx.profileinstaller:profileinstaller:1.3.1] AndroidManifest.xml:31:17-49
167        </provider>
168
169        <receiver
169-->[androidx.profileinstaller:profileinstaller:1.3.1] AndroidManifest.xml:34:9-52:20
170            android:name="androidx.profileinstaller.ProfileInstallReceiver"
170-->[androidx.profileinstaller:profileinstaller:1.3.1] AndroidManifest.xml:35:13-76
171            android:directBootAware="false"
171-->[androidx.profileinstaller:profileinstaller:1.3.1] AndroidManifest.xml:36:13-44
172            android:enabled="true"
172-->[androidx.profileinstaller:profileinstaller:1.3.1] AndroidManifest.xml:37:13-35
173            android:exported="true"
173-->[androidx.profileinstaller:profileinstaller:1.3.1] AndroidManifest.xml:38:13-36
174            android:permission="android.permission.DUMP" >
174-->[androidx.profileinstaller:profileinstaller:1.3.1] AndroidManifest.xml:39:13-57
175            <intent-filter>
175-->[androidx.profileinstaller:profileinstaller:1.3.1] AndroidManifest.xml:40:13-42:29
176                <action android:name="androidx.profileinstaller.action.INSTALL_PROFILE" />
176-->[androidx.profileinstaller:profileinstaller:1.3.1] AndroidManifest.xml:41:17-91
176-->[androidx.profileinstaller:profileinstaller:1.3.1] AndroidManifest.xml:41:25-88
177            </intent-filter>
178            <intent-filter>
178-->[androidx.profileinstaller:profileinstaller:1.3.1] AndroidManifest.xml:43:13-45:29
179                <action android:name="androidx.profileinstaller.action.SKIP_FILE" />
179-->[androidx.profileinstaller:profileinstaller:1.3.1] AndroidManifest.xml:44:17-85
179-->[androidx.profileinstaller:profileinstaller:1.3.1] AndroidManifest.xml:44:25-82
180            </intent-filter>
181            <intent-filter>
181-->[androidx.profileinstaller:profileinstaller:1.3.1] AndroidManifest.xml:46:13-48:29
182                <action android:name="androidx.profileinstaller.action.SAVE_PROFILE" />
182-->[androidx.profileinstaller:profileinstaller:1.3.1] AndroidManifest.xml:47:17-88
182-->[androidx.profileinstaller:profileinstaller:1.3.1] AndroidManifest.xml:47:25-85
183            </intent-filter>
184            <intent-filter>
184-->[androidx.profileinstaller:profileinstaller:1.3.1] AndroidManifest.xml:49:13-51:29
185                <action android:name="androidx.profileinstaller.action.BENCHMARK_OPERATION" />
185-->[androidx.profileinstaller:profileinstaller:1.3.1] AndroidManifest.xml:50:17-95
185-->[androidx.profileinstaller:profileinstaller:1.3.1] AndroidManifest.xml:50:25-92
186            </intent-filter>
187        </receiver>
188
189        <service
189-->[com.google.android.datatransport:transport-backend-cct:2.3.3] AndroidManifest.xml:29:9-35:19
190            android:name="com.google.android.datatransport.runtime.backends.TransportBackendDiscovery"
190-->[com.google.android.datatransport:transport-backend-cct:2.3.3] AndroidManifest.xml:30:13-103
191            android:exported="false" >
191-->[com.google.android.datatransport:transport-backend-cct:2.3.3] AndroidManifest.xml:31:13-37
192            <meta-data
192-->[com.google.android.datatransport:transport-backend-cct:2.3.3] AndroidManifest.xml:32:13-34:39
193                android:name="backend:com.google.android.datatransport.cct.CctBackendFactory"
193-->[com.google.android.datatransport:transport-backend-cct:2.3.3] AndroidManifest.xml:33:17-94
194                android:value="cct" />
194-->[com.google.android.datatransport:transport-backend-cct:2.3.3] AndroidManifest.xml:34:17-36
195        </service>
196        <service
196-->[com.google.android.datatransport:transport-runtime:2.2.6] AndroidManifest.xml:26:9-30:19
197            android:name="com.google.android.datatransport.runtime.scheduling.jobscheduling.JobInfoSchedulerService"
197-->[com.google.android.datatransport:transport-runtime:2.2.6] AndroidManifest.xml:27:13-117
198            android:exported="false"
198-->[com.google.android.datatransport:transport-runtime:2.2.6] AndroidManifest.xml:28:13-37
199            android:permission="android.permission.BIND_JOB_SERVICE" >
199-->[com.google.android.datatransport:transport-runtime:2.2.6] AndroidManifest.xml:29:13-69
200        </service>
201
202        <receiver
202-->[com.google.android.datatransport:transport-runtime:2.2.6] AndroidManifest.xml:32:9-34:40
203            android:name="com.google.android.datatransport.runtime.scheduling.jobscheduling.AlarmManagerSchedulerBroadcastReceiver"
203-->[com.google.android.datatransport:transport-runtime:2.2.6] AndroidManifest.xml:33:13-132
204            android:exported="false" />
204-->[com.google.android.datatransport:transport-runtime:2.2.6] AndroidManifest.xml:34:13-37
205    </application>
206
207</manifest>